SF:lib/login/api/v1/init/init_api_request.dart
DA:10,2
DA:17,1
LF:2
LH:2
end_of_record
SF:lib/core/api/base_api_request.dart
DA:14,2
DA:15,2
DA:19,2
DA:20,0
DA:29,2
LF:5
LH:4
end_of_record
SF:lib/core/auth/auth_tokens.dart
DA:8,0
DA:14,0
DA:15,0
DA:16,0
DA:17,0
DA:22,0
DA:23,0
DA:24,0
DA:25,0
DA:30,0
DA:32,0
DA:36,0
DA:39,0
DA:40,0
DA:41,0
DA:44,0
DA:45,0
LF:17
LH:0
end_of_record
SF:lib/login/api/v1/init/init_api.dart
DA:9,1
DA:12,1
DA:13,2
DA:19,1
DA:21,1
DA:22,1
DA:24,1
LF:7
LH:7
end_of_record
SF:lib/login/api/v1/init/init_api_response.dart
DA:13,2
DA:21,2
DA:22,2
DA:23,4
DA:36,2
DA:44,2
DA:45,2
DA:46,2
DA:47,8
DA:76,2
DA:88,2
DA:89,2
DA:90,2
DA:91,2
DA:92,2
DA:93,2
DA:94,2
LF:17
LH:17
end_of_record
SF:lib/core/api/base_api_client.dart
DA:21,1
DA:30,4
DA:43,1
DA:44,2
DA:45,1
DA:46,1
DA:54,0
DA:56,0
DA:57,0
DA:58,0
DA:60,0
DA:61,0
DA:62,0
DA:63,0
DA:66,0
DA:67,0
DA:76,0
DA:77,0
DA:78,0
DA:79,0
DA:80,0
DA:88,0
DA:89,0
DA:90,0
DA:91,0
DA:100,1
DA:101,4
DA:102,2
DA:103,0
DA:105,2
DA:107,1
DA:108,3
DA:109,1
DA:115,0
DA:116,0
LF:35
LH:13
end_of_record
SF:lib/core/constants/api_endpoints.dart
DA:4,4
DA:7,3
DA:13,1
DA:15,4
DA:19,2
DA:20,0
DA:21,0
DA:22,0
DA:23,0
DA:24,0
DA:25,0
DA:26,0
DA:29,3
LF:13
LH:6
end_of_record
SF:lib/core/api/base_api_response.dart
DA:4,2
DA:6,0
DA:8,0
LF:3
LH:1
end_of_record
SF:lib/core/logger/app_logger.dart
DA:5,0
DA:7,0
DA:8,0
DA:9,0
DA:10,0
DA:11,0
DA:12,0
DA:13,0
DA:15,0
DA:16,0
DA:18,0
DA:21,0
DA:23,0
DA:25,0
DA:27,0
DA:29,0
DA:31,0
DA:42,0
DA:43,0
DA:44,0
DA:45,0
DA:46,0
DA:51,0
DA:52,0
DA:53,0
DA:54,0
DA:55,0
DA:58,0
LF:28
LH:0
end_of_record
